TN:
SF:Algorithm\allPathsSourceTarget.js
FN:5,(anonymous_0)
FN:8,(anonymous_1)
FNF:2
FNH:2
FNDA:1,(anonymous_0)
FNDA:5,(anonymous_1)
DA:5,1
DA:6,1
DA:8,1
DA:9,5
DA:10,2
DA:11,2
DA:13,3
DA:14,4
DA:15,4
DA:16,4
DA:20,1
DA:21,1
DA:22,1
LF:13
LH:13
BRDA:9,0,0,2
BRDA:9,0,1,3
BRF:2
BRH:2
end_of_record
TN:
SF:Algorithm\canConstruct.js
FN:8,(anonymous_0)
FNF:1
FNH:1
FNDA:1,(anonymous_0)
DA:8,1
DA:9,1
DA:10,1
DA:11,3
DA:12,1
DA:14,2
DA:17,1
DA:18,2
DA:19,2
DA:20,2
DA:22,0
DA:25,0
DA:28,1
LF:13
LH:11
BRDA:11,0,0,1
BRDA:11,0,1,2
BRDA:18,1,0,2
BRDA:18,1,1,0
BRDA:19,2,0,2
BRDA:19,2,1,0
BRF:6
BRH:4
end_of_record
TN:
SF:Algorithm\containsDuplicate.js
FN:7,(anonymous_0)
FNF:1
FNH:1
FNDA:1,(anonymous_0)
DA:7,1
DA:8,1
DA:9,1
DA:10,3
DA:11,1
DA:13,2
DA:15,0
LF:7
LH:6
BRDA:10,0,0,1
BRDA:10,0,1,2
BRF:2
BRH:2
end_of_record
TN:
SF:Algorithm\intersect.js
FN:8,(anonymous_0)
FNF:1
FNH:1
FNDA:1,(anonymous_0)
DA:8,1
DA:9,1
DA:10,1
DA:11,4
DA:12,2
DA:14,2
DA:17,1
DA:18,2
DA:19,2
DA:20,2
DA:21,2
DA:25,1
LF:12
LH:12
BRDA:11,0,0,2
BRDA:11,0,1,2
BRDA:18,1,0,2
BRDA:18,1,1,0
BRDA:19,2,0,2
BRDA:19,2,1,0
BRF:6
BRH:4
end_of_record
TN:
SF:Algorithm\maxSubArray.js
FN:7,(anonymous_0)
FNF:1
FNH:1
FNDA:1,(anonymous_0)
DA:7,1
DA:8,1
DA:9,1
DA:10,9
DA:11,6
DA:13,3
DA:15,9
DA:17,1
LF:8
LH:8
BRDA:10,0,0,6
BRDA:10,0,1,3
BRF:2
BRH:2
end_of_record
TN:
SF:Algorithm\reverseList.js
FN:11,(anonymous_0)
FNF:1
FNH:1
FNDA:1,(anonymous_0)
DA:11,1
DA:14,1
DA:15,0
DA:19,1
DA:20,1
DA:21,5
DA:22,5
DA:23,5
DA:24,5
DA:26,1
LF:10
LH:9
BRDA:14,0,0,0
BRDA:14,0,1,1
BRDA:14,1,0,1
BRDA:14,1,1,1
BRF:4
BRH:3
end_of_record
TN:
SF:Algorithm\twoSum.js
FN:8,(anonymous_0)
FNF:1
FNH:1
FNDA:1,(anonymous_0)
DA:8,1
DA:9,1
DA:10,1
DA:11,2
DA:12,1
DA:14,1
DA:16,0
LF:7
LH:6
BRDA:11,0,0,1
BRDA:11,0,1,1
BRF:2
BRH:2
end_of_record
TN:
SF:Algorithm\example\add.js
FN:8,add
FNF:1
FNH:1
FNDA:1,add
DA:9,1
LF:1
LH:1
BRF:0
BRH:0
end_of_record
TN:
SF:Algorithm\sort\bubble.js
FN:7,(anonymous_0)
FNF:1
FNH:1
FNDA:1,(anonymous_0)
DA:7,1
DA:8,1
DA:9,1
DA:10,4
DA:11,10
DA:12,10
DA:13,10
DA:14,10
DA:18,1
LF:9
LH:9
BRDA:11,0,0,10
BRDA:11,0,1,0
BRF:2
BRH:1
end_of_record
TN:
SF:Algorithm\sort\insert.js
FN:7,(anonymous_0)
FNF:1
FNH:1
FNDA:1,(anonymous_0)
DA:7,1
DA:8,1
DA:9,1
DA:10,4
DA:11,4
DA:12,4
DA:13,10
DA:14,10
DA:16,4
DA:18,1
LF:10
LH:10
BRDA:12,0,0,14
BRDA:12,0,1,10
BRF:2
BRH:2
end_of_record
TN:
SF:Algorithm\sort\select.js
FN:7,(anonymous_0)
FNF:1
FNH:1
FNDA:1,(anonymous_0)
DA:7,1
DA:8,1
DA:9,1
DA:10,4
DA:11,4
DA:12,10
DA:13,6
DA:16,4
DA:17,4
DA:18,4
DA:20,1
LF:11
LH:11
BRDA:12,0,0,6
BRDA:12,0,1,4
BRF:2
BRH:2
end_of_record
TN:
SF:DataStructure\ListNode.js
FN:6,ListNode
FNF:1
FNH:1
FNDA:5,ListNode
DA:7,5
DA:8,5
LF:2
LH:2
BRF:0
BRH:0
end_of_record
