TN:
SF:Algorithm\add.js
FN:8,add
FNF:1
FNH:1
FNDA:1,add
DA:9,1
LF:1
LH:1
BRF:0
BRH:0
end_of_record
TN:
SF:Algorithm\containsDuplicate.js
FN:7,(anonymous_0)
FNF:1
FNH:1
FNDA:1,(anonymous_0)
DA:7,1
DA:8,1
DA:9,1
DA:10,3
DA:11,1
DA:13,2
DA:15,0
LF:7
LH:6
BRDA:10,0,0,1
BRDA:10,0,1,2
BRF:2
BRH:2
end_of_record
TN:
SF:Algorithm\maxSubArray.js
FN:7,(anonymous_0)
FNF:1
FNH:1
FNDA:1,(anonymous_0)
DA:7,1
DA:8,1
DA:9,1
DA:10,9
DA:11,6
DA:13,3
DA:15,9
DA:17,1
LF:8
LH:8
BRDA:10,0,0,6
BRDA:10,0,1,3
BRF:2
BRH:2
end_of_record
TN:
SF:Algorithm\reverseList.js
FN:11,(anonymous_0)
FNF:1
FNH:1
FNDA:1,(anonymous_0)
DA:11,1
DA:14,1
DA:15,0
DA:19,1
DA:20,1
DA:21,5
DA:22,5
DA:23,5
DA:24,5
DA:26,1
LF:10
LH:9
BRDA:14,0,0,0
BRDA:14,0,1,1
BRDA:14,1,0,1
BRDA:14,1,1,1
BRF:4
BRH:3
end_of_record
TN:
SF:DataStructure\ListNode.js
FN:6,ListNode
FNF:1
FNH:1
FNDA:5,ListNode
DA:7,5
DA:8,5
LF:2
LH:2
BRF:0
BRH:0
end_of_record
